Answer: 1
  0.  position(loc(2,0),0)  sense(motion,loc(2,0),0)  
  1.  position(loc(2,1),1)  
Got input:
#step 1.
sense(nodata, noloc, 1).
#endstep.

Answer: 1
  0.  position(loc(2,0),0)  sense(motion,loc(2,0),0)  
  1.  position(loc(2,1),1)  sense(nodata,noloc,1)     
Got input:
#step 3.
sense(motion, loc(1,2), 3).
#endstep.

Answer: 1
  0.  position(loc(2,0),0)  sense(motion,loc(2,0),0)  
  1.  position(loc(2,1),1)  sense(nodata,noloc,1)     
  2.  position(loc(1,1),2)  
  3.  position(loc(1,2),3)  sense(motion,loc(1,2),3)  
Got input:
#step 7.
sense(motion, loc(3,2), 7).
#endstep.

Answer: 1
  0.  position(loc(2,0),0)  sense(motion,loc(2,0),0)  
  1.  position(loc(2,1),1)  sense(nodata,noloc,1)     
  2.  position(loc(1,1),2)  
  3.  position(loc(1,2),3)  sense(motion,loc(1,2),3)  
  4.  position(loc(1,1),4)  
  5.  position(loc(2,1),5)  
  6.  position(loc(3,1),6)  
  7.  position(loc(3,2),7)  sense(motion,loc(3,2),7)  
Answer: 2
  0.  position(loc(2,0),0)  sense(motion,loc(2,0),0)  
  1.  position(loc(2,1),1)  sense(nodata,noloc,1)     
  2.  position(loc(1,1),2)  
  3.  position(loc(1,2),3)  sense(motion,loc(1,2),3)  
  4.  position(loc(1,3),4)  
  5.  position(loc(2,3),5)  
  6.  position(loc(3,3),6)  
  7.  position(loc(3,2),7)  sense(motion,loc(3,2),7)  
Got input:
#step 5.
sense(distance, loc(2,3), 5).
#endstep.

Answer: 1
  0.  position(loc(2,0),0)  sense(motion,loc(2,0),0)    
  1.  position(loc(2,1),1)  sense(nodata,noloc,1)       
  2.  position(loc(1,1),2)  
  3.  position(loc(1,2),3)  sense(motion,loc(1,2),3)    
  4.  position(loc(1,3),4)  
  5.  position(loc(2,3),5)  sense(distance,loc(2,3),5)  
  6.  position(loc(3,3),6)  
  7.  position(loc(3,2),7)  sense(motion,loc(3,2),7)    
Got input:
#stop.

