Got input:
#step 1.
wumpus_moves(down, 1).
agent_moves(right, 1).
#endstep.

Answer: 1
  0.  at(1,1,0)             wumpus_at(1,3,0)  
  1.  agent_moves(right,1)  at(1,1,1)         go(right,1)       wumpus_at(1,3,1)  wumpus_moves(down,1)  
  2.  at(2,1,2)             go(up,2)          wumpus_at(1,2,2)  
  3.  at(2,2,3)             go(up,3)          wumpus_at(1,2,3)  
  4.  at(2,3,4)             go(down,4)        grab(4)           wumpus_at(1,2,4)  
  5.  at(2,2,5)             go(down,5)        wumpus_at(1,2,5)  
  6.  at(2,1,6)             go(left,6)        wumpus_at(1,2,6)  
  7.  at(1,1,7)             won(7)            wumpus_at(1,2,7)  
Got input:
#step 2.
wumpus_moves(right, 2).
agent_moves(left, 2).
#endstep.

Answer: 1
   0.  at(1,1,0)             wumpus_at(1,3,0)  
   1.  agent_moves(right,1)  at(1,1,1)         go(right,1)       wumpus_at(1,3,1)  wumpus_moves(down,1)   
   2.  agent_moves(left,2)   at(2,1,2)         go(left,2)        wumpus_at(1,2,2)  wumpus_moves(right,2)  
   3.  at(1,1,3)             go(up,3)          wumpus_at(2,2,3)  
   4.  at(1,2,4)             go(up,4)          wumpus_at(2,2,4)  
   5.  at(1,3,5)             go(right,5)       wumpus_at(2,2,5)  
   6.  at(2,3,6)             go(left,6)        grab(6)           wumpus_at(2,2,6)  
   7.  at(1,3,7)             go(down,7)        wumpus_at(2,2,7)  
   8.  at(1,2,8)             go(down,8)        wumpus_at(2,2,8)  
   9.  at(1,1,9)             won(9)            wumpus_at(2,2,9)  
Got input:
#step 3.
wumpus_moves(right, 3).
agent_moves(up, 3).
#endstep.

Answer: 1
   0.  at(1,1,0)             wumpus_at(1,3,0)  
   1.  agent_moves(right,1)  at(1,1,1)         go(right,1)       wumpus_at(1,3,1)  wumpus_moves(down,1)   
   2.  agent_moves(left,2)   at(2,1,2)         go(left,2)        wumpus_at(1,2,2)  wumpus_moves(right,2)  
   3.  agent_moves(up,3)     at(1,1,3)         go(up,3)          wumpus_at(2,2,3)  wumpus_moves(right,3)  
   4.  at(1,2,4)             go(right,4)       wumpus_at(3,2,4)  
   5.  at(2,2,5)             go(up,5)          wumpus_at(3,2,5)  
   6.  at(2,3,6)             go(down,6)        grab(6)           wumpus_at(3,2,6)  
   7.  at(2,2,7)             go(left,7)        wumpus_at(3,2,7)  
   8.  at(1,2,8)             go(down,8)        wumpus_at(3,2,8)  
   9.  at(1,1,9)             won(9)            wumpus_at(3,2,9)  
Answer: 2
   0.  at(1,1,0)             wumpus_at(1,3,0)  
   1.  agent_moves(right,1)  at(1,1,1)         go(right,1)       wumpus_at(1,3,1)  wumpus_moves(down,1)   
   2.  agent_moves(left,2)   at(2,1,2)         go(left,2)        wumpus_at(1,2,2)  wumpus_moves(right,2)  
   3.  agent_moves(up,3)     at(1,1,3)         go(up,3)          wumpus_at(2,2,3)  wumpus_moves(right,3)  
   4.  at(1,2,4)             go(up,4)          wumpus_at(3,2,4)  
   5.  at(1,3,5)             go(right,5)       wumpus_at(3,2,5)  
   6.  at(2,3,6)             go(down,6)        grab(6)           wumpus_at(3,2,6)  
   7.  at(2,2,7)             go(left,7)        wumpus_at(3,2,7)  
   8.  at(1,2,8)             go(down,8)        wumpus_at(3,2,8)  
   9.  at(1,1,9)             won(9)            wumpus_at(3,2,9)  
Answer: 3
   0.  at(1,1,0)             wumpus_at(1,3,0)  
   1.  agent_moves(right,1)  at(1,1,1)         go(right,1)       wumpus_at(1,3,1)  wumpus_moves(down,1)   
   2.  agent_moves(left,2)   at(2,1,2)         go(left,2)        wumpus_at(1,2,2)  wumpus_moves(right,2)  
   3.  agent_moves(up,3)     at(1,1,3)         go(up,3)          wumpus_at(2,2,3)  wumpus_moves(right,3)  
   4.  at(1,2,4)             go(right,4)       wumpus_at(3,2,4)  
   5.  at(2,2,5)             go(up,5)          wumpus_at(3,2,5)  
   6.  at(2,3,6)             go(down,6)        grab(6)           wumpus_at(3,2,6)  
   7.  at(2,2,7)             go(down,7)        wumpus_at(3,2,7)  
   8.  at(2,1,8)             go(left,8)        wumpus_at(3,2,8)  
   9.  at(1,1,9)             won(9)            wumpus_at(3,2,9)  
Answer: 4
   0.  at(1,1,0)             wumpus_at(1,3,0)  
   1.  agent_moves(right,1)  at(1,1,1)         go(right,1)       wumpus_at(1,3,1)  wumpus_moves(down,1)   
   2.  agent_moves(left,2)   at(2,1,2)         go(left,2)        wumpus_at(1,2,2)  wumpus_moves(right,2)  
   3.  agent_moves(up,3)     at(1,1,3)         go(up,3)          wumpus_at(2,2,3)  wumpus_moves(right,3)  
   4.  at(1,2,4)             go(up,4)          wumpus_at(3,2,4)  
   5.  at(1,3,5)             go(right,5)       wumpus_at(3,2,5)  
   6.  at(2,3,6)             go(down,6)        grab(6)           wumpus_at(3,2,6)  
   7.  at(2,2,7)             go(down,7)        wumpus_at(3,2,7)  
   8.  at(2,1,8)             go(left,8)        wumpus_at(3,2,8)  
   9.  at(1,1,9)             won(9)            wumpus_at(3,2,9)  
Answer: 5
   0.  at(1,1,0)             wumpus_at(1,3,0)  
   1.  agent_moves(right,1)  at(1,1,1)         go(right,1)       wumpus_at(1,3,1)  wumpus_moves(down,1)   
   2.  agent_moves(left,2)   at(2,1,2)         go(left,2)        wumpus_at(1,2,2)  wumpus_moves(right,2)  
   3.  agent_moves(up,3)     at(1,1,3)         go(up,3)          wumpus_at(2,2,3)  wumpus_moves(right,3)  
   4.  at(1,2,4)             go(right,4)       wumpus_at(3,2,4)  
   5.  at(2,2,5)             go(up,5)          wumpus_at(3,2,5)  
   6.  at(2,3,6)             go(left,6)        grab(6)           wumpus_at(3,2,6)  
   7.  at(1,3,7)             go(down,7)        wumpus_at(3,2,7)  
   8.  at(1,2,8)             go(down,8)        wumpus_at(3,2,8)  
   9.  at(1,1,9)             won(9)            wumpus_at(3,2,9)  
Answer: 6
   0.  at(1,1,0)             wumpus_at(1,3,0)  
   1.  agent_moves(right,1)  at(1,1,1)         go(right,1)       wumpus_at(1,3,1)  wumpus_moves(down,1)   
   2.  agent_moves(left,2)   at(2,1,2)         go(left,2)        wumpus_at(1,2,2)  wumpus_moves(right,2)  
   3.  agent_moves(up,3)     at(1,1,3)         go(up,3)          wumpus_at(2,2,3)  wumpus_moves(right,3)  
   4.  at(1,2,4)             go(up,4)          wumpus_at(3,2,4)  
   5.  at(1,3,5)             go(right,5)       wumpus_at(3,2,5)  
   6.  at(2,3,6)             go(left,6)        grab(6)           wumpus_at(3,2,6)  
   7.  at(1,3,7)             go(down,7)        wumpus_at(3,2,7)  
   8.  at(1,2,8)             go(down,8)        wumpus_at(3,2,8)  
   9.  at(1,1,9)             won(9)            wumpus_at(3,2,9)  
Got input:
#step 4.
agent_moves(up, 4).
#endstep.

Answer: 1
   0.  at(1,1,0)             wumpus_at(1,3,0)  
   1.  agent_moves(right,1)  at(1,1,1)         go(right,1)       wumpus_at(1,3,1)  wumpus_moves(down,1)   
   2.  agent_moves(left,2)   at(2,1,2)         go(left,2)        wumpus_at(1,2,2)  wumpus_moves(right,2)  
   3.  agent_moves(up,3)     at(1,1,3)         go(up,3)          wumpus_at(2,2,3)  wumpus_moves(right,3)  
   4.  agent_moves(up,4)     at(1,2,4)         go(up,4)          wumpus_at(3,2,4)  
   5.  at(1,3,5)             go(right,5)       wumpus_at(3,2,5)  
   6.  at(2,3,6)             go(down,6)        grab(6)           wumpus_at(3,2,6)  
   7.  at(2,2,7)             go(left,7)        wumpus_at(3,2,7)  
   8.  at(1,2,8)             go(down,8)        wumpus_at(3,2,8)  
   9.  at(1,1,9)             won(9)            wumpus_at(3,2,9)  
Answer: 2
   0.  at(1,1,0)             wumpus_at(1,3,0)  
   1.  agent_moves(right,1)  at(1,1,1)         go(right,1)       wumpus_at(1,3,1)  wumpus_moves(down,1)   
   2.  agent_moves(left,2)   at(2,1,2)         go(left,2)        wumpus_at(1,2,2)  wumpus_moves(right,2)  
   3.  agent_moves(up,3)     at(1,1,3)         go(up,3)          wumpus_at(2,2,3)  wumpus_moves(right,3)  
   4.  agent_moves(up,4)     at(1,2,4)         go(up,4)          wumpus_at(3,2,4)  
   5.  at(1,3,5)             go(right,5)       wumpus_at(3,2,5)  
   6.  at(2,3,6)             go(down,6)        grab(6)           wumpus_at(3,2,6)  
   7.  at(2,2,7)             go(down,7)        wumpus_at(3,2,7)  
   8.  at(2,1,8)             go(left,8)        wumpus_at(3,2,8)  
   9.  at(1,1,9)             won(9)            wumpus_at(3,2,9)  
Answer: 3
   0.  at(1,1,0)             wumpus_at(1,3,0)  
   1.  agent_moves(right,1)  at(1,1,1)         go(right,1)       wumpus_at(1,3,1)  wumpus_moves(down,1)   
   2.  agent_moves(left,2)   at(2,1,2)         go(left,2)        wumpus_at(1,2,2)  wumpus_moves(right,2)  
   3.  agent_moves(up,3)     at(1,1,3)         go(up,3)          wumpus_at(2,2,3)  wumpus_moves(right,3)  
   4.  agent_moves(up,4)     at(1,2,4)         go(up,4)          wumpus_at(3,2,4)  
   5.  at(1,3,5)             go(right,5)       wumpus_at(3,2,5)  
   6.  at(2,3,6)             go(left,6)        grab(6)           wumpus_at(3,2,6)  
   7.  at(1,3,7)             go(down,7)        wumpus_at(3,2,7)  
   8.  at(1,2,8)             go(down,8)        wumpus_at(3,2,8)  
   9.  at(1,1,9)             won(9)            wumpus_at(3,2,9)  
Got input:
#step 5.
agent_moves(right, 5).
#endstep.

Answer: 1
   0.  at(1,1,0)             wumpus_at(1,3,0)  
   1.  agent_moves(right,1)  at(1,1,1)         go(right,1)       wumpus_at(1,3,1)  wumpus_moves(down,1)   
   2.  agent_moves(left,2)   at(2,1,2)         go(left,2)        wumpus_at(1,2,2)  wumpus_moves(right,2)  
   3.  agent_moves(up,3)     at(1,1,3)         go(up,3)          wumpus_at(2,2,3)  wumpus_moves(right,3)  
   4.  agent_moves(up,4)     at(1,2,4)         go(up,4)          wumpus_at(3,2,4)  
   5.  agent_moves(right,5)  at(1,3,5)         go(right,5)       wumpus_at(3,2,5)  
   6.  at(2,3,6)             go(down,6)        grab(6)           wumpus_at(3,2,6)  
   7.  at(2,2,7)             go(left,7)        wumpus_at(3,2,7)  
   8.  at(1,2,8)             go(down,8)        wumpus_at(3,2,8)  
   9.  at(1,1,9)             won(9)            wumpus_at(3,2,9)  
Answer: 2
   0.  at(1,1,0)             wumpus_at(1,3,0)  
   1.  agent_moves(right,1)  at(1,1,1)         go(right,1)       wumpus_at(1,3,1)  wumpus_moves(down,1)   
   2.  agent_moves(left,2)   at(2,1,2)         go(left,2)        wumpus_at(1,2,2)  wumpus_moves(right,2)  
   3.  agent_moves(up,3)     at(1,1,3)         go(up,3)          wumpus_at(2,2,3)  wumpus_moves(right,3)  
   4.  agent_moves(up,4)     at(1,2,4)         go(up,4)          wumpus_at(3,2,4)  
   5.  agent_moves(right,5)  at(1,3,5)         go(right,5)       wumpus_at(3,2,5)  
   6.  at(2,3,6)             go(down,6)        grab(6)           wumpus_at(3,2,6)  
   7.  at(2,2,7)             go(down,7)        wumpus_at(3,2,7)  
   8.  at(2,1,8)             go(left,8)        wumpus_at(3,2,8)  
   9.  at(1,1,9)             won(9)            wumpus_at(3,2,9)  
Answer: 3
   0.  at(1,1,0)             wumpus_at(1,3,0)  
   1.  agent_moves(right,1)  at(1,1,1)         go(right,1)       wumpus_at(1,3,1)  wumpus_moves(down,1)   
   2.  agent_moves(left,2)   at(2,1,2)         go(left,2)        wumpus_at(1,2,2)  wumpus_moves(right,2)  
   3.  agent_moves(up,3)     at(1,1,3)         go(up,3)          wumpus_at(2,2,3)  wumpus_moves(right,3)  
   4.  agent_moves(up,4)     at(1,2,4)         go(up,4)          wumpus_at(3,2,4)  
   5.  agent_moves(right,5)  at(1,3,5)         go(right,5)       wumpus_at(3,2,5)  
   6.  at(2,3,6)             go(left,6)        grab(6)           wumpus_at(3,2,6)  
   7.  at(1,3,7)             go(down,7)        wumpus_at(3,2,7)  
   8.  at(1,2,8)             go(down,8)        wumpus_at(3,2,8)  
   9.  at(1,1,9)             won(9)            wumpus_at(3,2,9)  
Got input:
#step 6.
agent_moves(down, 6).
#endstep.

Answer: 1
   0.  at(1,1,0)             wumpus_at(1,3,0)  
   1.  agent_moves(right,1)  at(1,1,1)         go(right,1)       wumpus_at(1,3,1)  wumpus_moves(down,1)   
   2.  agent_moves(left,2)   at(2,1,2)         go(left,2)        wumpus_at(1,2,2)  wumpus_moves(right,2)  
   3.  agent_moves(up,3)     at(1,1,3)         go(up,3)          wumpus_at(2,2,3)  wumpus_moves(right,3)  
   4.  agent_moves(up,4)     at(1,2,4)         go(up,4)          wumpus_at(3,2,4)  
   5.  agent_moves(right,5)  at(1,3,5)         go(right,5)       wumpus_at(3,2,5)  
   6.  agent_moves(down,6)   at(2,3,6)         go(down,6)        grab(6)           wumpus_at(3,2,6)       
   7.  at(2,2,7)             go(down,7)        wumpus_at(3,2,7)  
   8.  at(2,1,8)             go(left,8)        wumpus_at(3,2,8)  
   9.  at(1,1,9)             won(9)            wumpus_at(3,2,9)  
Answer: 2
   0.  at(1,1,0)             wumpus_at(1,3,0)  
   1.  agent_moves(right,1)  at(1,1,1)         go(right,1)       wumpus_at(1,3,1)  wumpus_moves(down,1)   
   2.  agent_moves(left,2)   at(2,1,2)         go(left,2)        wumpus_at(1,2,2)  wumpus_moves(right,2)  
   3.  agent_moves(up,3)     at(1,1,3)         go(up,3)          wumpus_at(2,2,3)  wumpus_moves(right,3)  
   4.  agent_moves(up,4)     at(1,2,4)         go(up,4)          wumpus_at(3,2,4)  
   5.  agent_moves(right,5)  at(1,3,5)         go(right,5)       wumpus_at(3,2,5)  
   6.  agent_moves(down,6)   at(2,3,6)         go(down,6)        grab(6)           wumpus_at(3,2,6)       
   7.  at(2,2,7)             go(left,7)        wumpus_at(3,2,7)  
   8.  at(1,2,8)             go(down,8)        wumpus_at(3,2,8)  
   9.  at(1,1,9)             won(9)            wumpus_at(3,2,9)  
Got input:
#step 7.
agent_moves(left, 7).
#endstep.

Answer: 1
   0.  at(1,1,0)             wumpus_at(1,3,0)  
   1.  agent_moves(right,1)  at(1,1,1)         go(right,1)       wumpus_at(1,3,1)  wumpus_moves(down,1)   
   2.  agent_moves(left,2)   at(2,1,2)         go(left,2)        wumpus_at(1,2,2)  wumpus_moves(right,2)  
   3.  agent_moves(up,3)     at(1,1,3)         go(up,3)          wumpus_at(2,2,3)  wumpus_moves(right,3)  
   4.  agent_moves(up,4)     at(1,2,4)         go(up,4)          wumpus_at(3,2,4)  
   5.  agent_moves(right,5)  at(1,3,5)         go(right,5)       wumpus_at(3,2,5)  
   6.  agent_moves(down,6)   at(2,3,6)         go(down,6)        grab(6)           wumpus_at(3,2,6)       
   7.  agent_moves(left,7)   at(2,2,7)         go(left,7)        wumpus_at(3,2,7)  
   8.  at(1,2,8)             go(down,8)        wumpus_at(3,2,8)  
   9.  at(1,1,9)             won(9)            wumpus_at(3,2,9)  
Got input:
#stop.

