Got input:
#step 2.
rain(50,3,2).
#endstep.

Answer: 1
  0.  on(0,table,0)     on(1,table,0)  on(2,table,0)  on(3,table,0)  on(4,table,0)  
  1.  move(1,0,1)       on(0,table,1)  on(1,table,1)  on(2,table,1)  on(3,table,1)  on(4,table,1)  
  2.  move(2,1,2)       on(0,table,2)  on(1,0,2)      on(2,table,2)  on(3,table,2)  on(4,table,2)  rain(50,3,2)    
  3.  move(50,table,3)  on(0,table,3)  on(1,0,3)      on(2,1,3)      on(3,table,3)  on(4,table,3)  on(50,3,3)      
  4.  move(3,2,4)       on(0,table,4)  on(1,0,4)      on(2,1,4)      on(3,table,4)  on(4,table,4)  on(50,table,4)  
  5.  move(4,3,5)       on(0,table,5)  on(1,0,5)      on(2,1,5)      on(3,2,5)      on(4,table,5)  on(50,table,5)  
  6.  goal(6)           on(0,table,6)  on(1,0,6)      on(2,1,6)      on(3,2,6)      on(4,3,6)      on(50,table,6)  
Got input:
#step 3.
rain(51,2,3).
#endstep.

Answer: 1
  0.  on(0,table,0)     on(1,table,0)  on(2,table,0)  on(3,table,0)  on(4,table,0)  
  1.  move(1,0,1)       on(0,table,1)  on(1,table,1)  on(2,table,1)  on(3,table,1)  on(4,table,1)  
  2.  move(2,1,2)       on(0,table,2)  on(1,0,2)      on(2,table,2)  on(3,table,2)  on(4,table,2)  rain(50,3,2)    
  3.  move(50,table,3)  on(0,table,3)  on(1,0,3)      on(2,1,3)      on(3,table,3)  on(4,table,3)  on(50,3,3)      rain(51,2,3)    
  4.  move(51,table,4)  on(0,table,4)  on(1,0,4)      on(2,1,4)      on(3,table,4)  on(4,table,4)  on(50,table,4)  on(51,2,4)      
  5.  move(3,2,5)       on(0,table,5)  on(1,0,5)      on(2,1,5)      on(3,table,5)  on(4,table,5)  on(50,table,5)  on(51,table,5)  
  6.  move(4,3,6)       on(0,table,6)  on(1,0,6)      on(2,1,6)      on(3,2,6)      on(4,table,6)  on(50,table,6)  on(51,table,6)  
  7.  goal(7)           on(0,table,7)  on(1,0,7)      on(2,1,7)      on(3,2,7)      on(4,3,7)      on(50,table,7)  on(51,table,7)  
Got input:
#stop.

