Got input:
#step 2.
ext_on(1,2).
#endstep.

Answer: 1
  0.  currentFloor(0,0)  
  1.  currentFloor(0,1)  goal(1)      
  2.  currentFloor(0,2)  ext_on(1,2)  on(1,2)  up(2)  
  3.  currentFloor(1,3)  on(1,3)      open(3)  
  4.  currentFloor(1,4)  goal(4)      
Got input:
#step 5.
ext_on(2,5).
#endstep.

Answer: 1
  0.  currentFloor(0,0)  
  1.  currentFloor(0,1)  goal(1)      
  2.  currentFloor(0,2)  ext_on(1,2)  on(1,2)  up(2)  
  3.  currentFloor(1,3)  on(1,3)      open(3)  
  4.  currentFloor(1,4)  goal(4)      
  5.  currentFloor(1,5)  ext_on(2,5)  on(2,5)  up(5)  
  6.  currentFloor(2,6)  on(2,6)      open(6)  
  7.  currentFloor(2,7)  goal(7)      
Got input:
#stop.

