Got input:
#step 0.
ext_mark(2,1,x,0).
#endstep.

Answer: 1
  0.  ext_mark(2,1,x,0)  mark(2,1,x,0)  
  1.  mark(0,1,o,1)      step(1)        
  2.  mark(2,0,x,2)      step(2)        
  3.  mark(1,2,o,3)      step(3)        
  4.  mark(2,2,x,4)      step(4)        
  5.  step(5)            win(x,5)       
Answer: 2
  0.  ext_mark(2,1,x,0)  mark(2,1,x,0)  
  1.  mark(0,1,o,1)      step(1)        
  2.  mark(2,0,x,2)      step(2)        
  3.  mark(1,1,o,3)      step(3)        
  4.  mark(2,2,x,4)      step(4)        
  5.  step(5)            win(x,5)       
Answer: 3
  0.  ext_mark(2,1,x,0)  mark(2,1,x,0)  
  1.  mark(0,1,o,1)      step(1)        
  2.  mark(2,0,x,2)      step(2)        
  3.  mark(1,0,o,3)      step(3)        
  4.  mark(2,2,x,4)      step(4)        
  5.  step(5)            win(x,5)       
Answer: 4
  0.  ext_mark(2,1,x,0)  mark(2,1,x,0)  
  1.  mark(0,1,o,1)      step(1)        
  2.  mark(2,0,x,2)      step(2)        
  3.  mark(0,2,o,3)      step(3)        
  4.  mark(2,2,x,4)      step(4)        
  5.  step(5)            win(x,5)       
Answer: 5
  0.  ext_mark(2,1,x,0)  mark(2,1,x,0)  
  1.  mark(0,1,o,1)      step(1)        
  2.  mark(2,0,x,2)      step(2)        
  3.  mark(0,0,o,3)      step(3)        
  4.  mark(2,2,x,4)      step(4)        
  5.  step(5)            win(x,5)       
Answer: 6
  0.  ext_mark(2,1,x,0)  mark(2,1,x,0)  
  1.  mark(0,0,o,1)      step(1)        
  2.  mark(2,0,x,2)      step(2)        
  3.  mark(1,2,o,3)      step(3)        
  4.  mark(2,2,x,4)      step(4)        
  5.  step(5)            win(x,5)       
Answer: 7
  0.  ext_mark(2,1,x,0)  mark(2,1,x,0)  
  1.  mark(0,0,o,1)      step(1)        
  2.  mark(2,0,x,2)      step(2)        
  3.  mark(1,1,o,3)      step(3)        
  4.  mark(2,2,x,4)      step(4)        
  5.  step(5)            win(x,5)       
Answer: 8
  0.  ext_mark(2,1,x,0)  mark(2,1,x,0)  
  1.  mark(0,0,o,1)      step(1)        
  2.  mark(2,0,x,2)      step(2)        
  3.  mark(1,0,o,3)      step(3)        
  4.  mark(2,2,x,4)      step(4)        
  5.  step(5)            win(x,5)       
Answer: 9
  0.  ext_mark(2,1,x,0)  mark(2,1,x,0)  
  1.  mark(0,0,o,1)      step(1)        
  2.  mark(2,0,x,2)      step(2)        
  3.  mark(0,2,o,3)      step(3)        
  4.  mark(2,2,x,4)      step(4)        
  5.  step(5)            win(x,5)       
Answer: 10
  0.  ext_mark(2,1,x,0)  mark(2,1,x,0)  
  1.  mark(0,0,o,1)      step(1)        
  2.  mark(2,0,x,2)      step(2)        
  3.  mark(0,1,o,3)      step(3)        
  4.  mark(2,2,x,4)      step(4)        
  5.  step(5)            win(x,5)       
Answer: 11
  0.  ext_mark(2,1,x,0)  mark(2,1,x,0)  
  1.  mark(1,2,o,1)      step(1)        
  2.  mark(2,0,x,2)      step(2)        
  3.  mark(1,1,o,3)      step(3)        
  4.  mark(2,2,x,4)      step(4)        
  5.  step(5)            win(x,5)       
Answer: 12
  0.  ext_mark(2,1,x,0)  mark(2,1,x,0)  
  1.  mark(1,2,o,1)      step(1)        
  2.  mark(2,0,x,2)      step(2)        
  3.  mark(1,0,o,3)      step(3)        
  4.  mark(2,2,x,4)      step(4)        
  5.  step(5)            win(x,5)       
Answer: 13
  0.  ext_mark(2,1,x,0)  mark(2,1,x,0)  
  1.  mark(1,2,o,1)      step(1)        
  2.  mark(2,0,x,2)      step(2)        
  3.  mark(0,2,o,3)      step(3)        
  4.  mark(2,2,x,4)      step(4)        
  5.  step(5)            win(x,5)       
Answer: 14
  0.  ext_mark(2,1,x,0)  mark(2,1,x,0)  
  1.  mark(1,2,o,1)      step(1)        
  2.  mark(2,0,x,2)      step(2)        
  3.  mark(0,1,o,3)      step(3)        
  4.  mark(2,2,x,4)      step(4)        
  5.  step(5)            win(x,5)       
Answer: 15
  0.  ext_mark(2,1,x,0)  mark(2,1,x,0)  
  1.  mark(1,2,o,1)      step(1)        
  2.  mark(2,0,x,2)      step(2)        
  3.  mark(0,0,o,3)      step(3)        
  4.  mark(2,2,x,4)      step(4)        
  5.  step(5)            win(x,5)       
Answer: 16
  0.  ext_mark(2,1,x,0)  mark(2,1,x,0)  
  1.  mark(1,1,o,1)      step(1)        
  2.  mark(2,0,x,2)      step(2)        
  3.  mark(1,2,o,3)      step(3)        
  4.  mark(2,2,x,4)      step(4)        
  5.  step(5)            win(x,5)       
Answer: 17
  0.  ext_mark(2,1,x,0)  mark(2,1,x,0)  
  1.  mark(1,1,o,1)      step(1)        
  2.  mark(2,0,x,2)      step(2)        
  3.  mark(1,0,o,3)      step(3)        
  4.  mark(2,2,x,4)      step(4)        
  5.  step(5)            win(x,5)       
Answer: 18
  0.  ext_mark(2,1,x,0)  mark(2,1,x,0)  
  1.  mark(1,1,o,1)      step(1)        
  2.  mark(2,0,x,2)      step(2)        
  3.  mark(0,2,o,3)      step(3)        
  4.  mark(2,2,x,4)      step(4)        
  5.  step(5)            win(x,5)       
Answer: 19
  0.  ext_mark(2,1,x,0)  mark(2,1,x,0)  
  1.  mark(1,1,o,1)      step(1)        
  2.  mark(2,0,x,2)      step(2)        
  3.  mark(0,1,o,3)      step(3)        
  4.  mark(2,2,x,4)      step(4)        
  5.  step(5)            win(x,5)       
Answer: 20
  0.  ext_mark(2,1,x,0)  mark(2,1,x,0)  
  1.  mark(1,1,o,1)      step(1)        
  2.  mark(2,0,x,2)      step(2)        
  3.  mark(0,0,o,3)      step(3)        
  4.  mark(2,2,x,4)      step(4)        
  5.  step(5)            win(x,5)       
Answer: 21
  0.  ext_mark(2,1,x,0)  mark(2,1,x,0)  
  1.  mark(1,0,o,1)      step(1)        
  2.  mark(2,0,x,2)      step(2)        
  3.  mark(1,2,o,3)      step(3)        
  4.  mark(2,2,x,4)      step(4)        
  5.  step(5)            win(x,5)       
Answer: 22
  0.  ext_mark(2,1,x,0)  mark(2,1,x,0)  
  1.  mark(1,0,o,1)      step(1)        
  2.  mark(2,0,x,2)      step(2)        
  3.  mark(1,1,o,3)      step(3)        
  4.  mark(2,2,x,4)      step(4)        
  5.  step(5)            win(x,5)       
Answer: 23
  0.  ext_mark(2,1,x,0)  mark(2,1,x,0)  
  1.  mark(1,0,o,1)      step(1)        
  2.  mark(2,0,x,2)      step(2)        
  3.  mark(0,2,o,3)      step(3)        
  4.  mark(2,2,x,4)      step(4)        
  5.  step(5)            win(x,5)       
Answer: 24
  0.  ext_mark(2,1,x,0)  mark(2,1,x,0)  
  1.  mark(1,0,o,1)      step(1)        
  2.  mark(2,0,x,2)      step(2)        
  3.  mark(0,1,o,3)      step(3)        
  4.  mark(2,2,x,4)      step(4)        
  5.  step(5)            win(x,5)       
Answer: 25
  0.  ext_mark(2,1,x,0)  mark(2,1,x,0)  
  1.  mark(1,0,o,1)      step(1)        
  2.  mark(2,0,x,2)      step(2)        
  3.  mark(0,0,o,3)      step(3)        
  4.  mark(2,2,x,4)      step(4)        
  5.  step(5)            win(x,5)       
Answer: 26
  0.  ext_mark(2,1,x,0)  mark(2,1,x,0)  
  1.  mark(0,2,o,1)      step(1)        
  2.  mark(2,0,x,2)      step(2)        
  3.  mark(1,2,o,3)      step(3)        
  4.  mark(2,2,x,4)      step(4)        
  5.  step(5)            win(x,5)       
Answer: 27
  0.  ext_mark(2,1,x,0)  mark(2,1,x,0)  
  1.  mark(0,2,o,1)      step(1)        
  2.  mark(2,0,x,2)      step(2)        
  3.  mark(1,1,o,3)      step(3)        
  4.  mark(2,2,x,4)      step(4)        
  5.  step(5)            win(x,5)       
Answer: 28
  0.  ext_mark(2,1,x,0)  mark(2,1,x,0)  
  1.  mark(0,2,o,1)      step(1)        
  2.  mark(2,0,x,2)      step(2)        
  3.  mark(1,0,o,3)      step(3)        
  4.  mark(2,2,x,4)      step(4)        
  5.  step(5)            win(x,5)       
Answer: 29
  0.  ext_mark(2,1,x,0)  mark(2,1,x,0)  
  1.  mark(0,2,o,1)      step(1)        
  2.  mark(2,0,x,2)      step(2)        
  3.  mark(0,1,o,3)      step(3)        
  4.  mark(2,2,x,4)      step(4)        
  5.  step(5)            win(x,5)       
Answer: 30
  0.  ext_mark(2,1,x,0)  mark(2,1,x,0)  
  1.  mark(0,2,o,1)      step(1)        
  2.  mark(2,0,x,2)      step(2)        
  3.  mark(0,0,o,3)      step(3)        
  4.  mark(2,2,x,4)      step(4)        
  5.  step(5)            win(x,5)       
Answer: 31
  0.  ext_mark(2,1,x,0)  mark(2,1,x,0)  
  1.  mark(0,0,o,1)      step(1)        
  2.  mark(1,1,x,2)      step(2)        
  3.  mark(2,2,o,3)      step(3)        
  4.  mark(0,1,x,4)      step(4)        
  5.  step(5)            win(x,5)       
Answer: 32
  0.  ext_mark(2,1,x,0)  mark(2,1,x,0)  
  1.  mark(0,0,o,1)      step(1)        
  2.  mark(1,1,x,2)      step(2)        
  3.  mark(2,0,o,3)      step(3)        
  4.  mark(0,1,x,4)      step(4)        
  5.  step(5)            win(x,5)       
Answer: 33
  0.  ext_mark(2,1,x,0)  mark(2,1,x,0)  
  1.  mark(0,0,o,1)      step(1)        
  2.  mark(1,1,x,2)      step(2)        
  3.  mark(1,2,o,3)      step(3)        
  4.  mark(0,1,x,4)      step(4)        
  5.  step(5)            win(x,5)       
Answer: 34
  0.  ext_mark(2,1,x,0)  mark(2,1,x,0)  
  1.  mark(0,0,o,1)      step(1)        
  2.  mark(1,1,x,2)      step(2)        
  3.  mark(1,0,o,3)      step(3)        
  4.  mark(0,1,x,4)      step(4)        
  5.  step(5)            win(x,5)       
Answer: 35
  0.  ext_mark(2,1,x,0)  mark(2,1,x,0)  
  1.  mark(0,0,o,1)      step(1)        
  2.  mark(1,1,x,2)      step(2)        
  3.  mark(0,2,o,3)      step(3)        
  4.  mark(0,1,x,4)      step(4)        
  5.  step(5)            win(x,5)       
Answer: 36
  0.  ext_mark(2,1,x,0)  mark(2,1,x,0)  
  1.  mark(2,2,o,1)      step(1)        
  2.  mark(1,1,x,2)      step(2)        
  3.  mark(2,0,o,3)      step(3)        
  4.  mark(0,1,x,4)      step(4)        
  5.  step(5)            win(x,5)       
Answer: 37
  0.  ext_mark(2,1,x,0)  mark(2,1,x,0)  
  1.  mark(2,2,o,1)      step(1)        
  2.  mark(1,1,x,2)      step(2)        
  3.  mark(1,2,o,3)      step(3)        
  4.  mark(0,1,x,4)      step(4)        
  5.  step(5)            win(x,5)       
Answer: 38
  0.  ext_mark(2,1,x,0)  mark(2,1,x,0)  
  1.  mark(2,2,o,1)      step(1)        
  2.  mark(1,1,x,2)      step(2)        
  3.  mark(1,0,o,3)      step(3)        
  4.  mark(0,1,x,4)      step(4)        
  5.  step(5)            win(x,5)       
Answer: 39
  0.  ext_mark(2,1,x,0)  mark(2,1,x,0)  
  1.  mark(2,2,o,1)      step(1)        
  2.  mark(1,1,x,2)      step(2)        
  3.  mark(0,2,o,3)      step(3)        
  4.  mark(0,1,x,4)      step(4)        
  5.  step(5)            win(x,5)       
Answer: 40
  0.  ext_mark(2,1,x,0)  mark(2,1,x,0)  
  1.  mark(2,2,o,1)      step(1)        
  2.  mark(1,1,x,2)      step(2)        
  3.  mark(0,0,o,3)      step(3)        
  4.  mark(0,1,x,4)      step(4)        
  5.  step(5)            win(x,5)       
Answer: 41
  0.  ext_mark(2,1,x,0)  mark(2,1,x,0)  
  1.  mark(2,0,o,1)      step(1)        
  2.  mark(1,1,x,2)      step(2)        
  3.  mark(2,2,o,3)      step(3)        
  4.  mark(0,1,x,4)      step(4)        
  5.  step(5)            win(x,5)       
Answer: 42
  0.  ext_mark(2,1,x,0)  mark(2,1,x,0)  
  1.  mark(2,0,o,1)      step(1)        
  2.  mark(1,1,x,2)      step(2)        
  3.  mark(1,2,o,3)      step(3)        
  4.  mark(0,1,x,4)      step(4)        
  5.  step(5)            win(x,5)       
Answer: 43
  0.  ext_mark(2,1,x,0)  mark(2,1,x,0)  
  1.  mark(2,0,o,1)      step(1)        
  2.  mark(1,1,x,2)      step(2)        
  3.  mark(1,0,o,3)      step(3)        
  4.  mark(0,1,x,4)      step(4)        
  5.  step(5)            win(x,5)       
Answer: 44
  0.  ext_mark(2,1,x,0)  mark(2,1,x,0)  
  1.  mark(2,0,o,1)      step(1)        
  2.  mark(1,1,x,2)      step(2)        
  3.  mark(0,2,o,3)      step(3)        
  4.  mark(0,1,x,4)      step(4)        
  5.  step(5)            win(x,5)       
Answer: 45
  0.  ext_mark(2,1,x,0)  mark(2,1,x,0)  
  1.  mark(2,0,o,1)      step(1)        
  2.  mark(1,1,x,2)      step(2)        
  3.  mark(0,0,o,3)      step(3)        
  4.  mark(0,1,x,4)      step(4)        
  5.  step(5)            win(x,5)       
Answer: 46
  0.  ext_mark(2,1,x,0)  mark(2,1,x,0)  
  1.  mark(1,2,o,1)      step(1)        
  2.  mark(1,1,x,2)      step(2)        
  3.  mark(2,2,o,3)      step(3)        
  4.  mark(0,1,x,4)      step(4)        
  5.  step(5)            win(x,5)       
Answer: 47
  0.  ext_mark(2,1,x,0)  mark(2,1,x,0)  
  1.  mark(1,2,o,1)      step(1)        
  2.  mark(1,1,x,2)      step(2)        
  3.  mark(2,0,o,3)      step(3)        
  4.  mark(0,1,x,4)      step(4)        
  5.  step(5)            win(x,5)       
Answer: 48
  0.  ext_mark(2,1,x,0)  mark(2,1,x,0)  
  1.  mark(1,2,o,1)      step(1)        
  2.  mark(1,1,x,2)      step(2)        
  3.  mark(1,0,o,3)      step(3)        
  4.  mark(0,1,x,4)      step(4)        
  5.  step(5)            win(x,5)       
Answer: 49
  0.  ext_mark(2,1,x,0)  mark(2,1,x,0)  
  1.  mark(1,2,o,1)      step(1)        
  2.  mark(1,1,x,2)      step(2)        
  3.  mark(0,2,o,3)      step(3)        
  4.  mark(0,1,x,4)      step(4)        
  5.  step(5)            win(x,5)       
Answer: 50
  0.  ext_mark(2,1,x,0)  mark(2,1,x,0)  
  1.  mark(1,2,o,1)      step(1)        
  2.  mark(1,1,x,2)      step(2)        
  3.  mark(0,0,o,3)      step(3)        
  4.  mark(0,1,x,4)      step(4)        
  5.  step(5)            win(x,5)       
Answer: 51
  0.  ext_mark(2,1,x,0)  mark(2,1,x,0)  
  1.  mark(1,0,o,1)      step(1)        
  2.  mark(1,1,x,2)      step(2)        
  3.  mark(2,2,o,3)      step(3)        
  4.  mark(0,1,x,4)      step(4)        
  5.  step(5)            win(x,5)       
Answer: 52
  0.  ext_mark(2,1,x,0)  mark(2,1,x,0)  
  1.  mark(1,0,o,1)      step(1)        
  2.  mark(1,1,x,2)      step(2)        
  3.  mark(2,0,o,3)      step(3)        
  4.  mark(0,1,x,4)      step(4)        
  5.  step(5)            win(x,5)       
Answer: 53
  0.  ext_mark(2,1,x,0)  mark(2,1,x,0)  
  1.  mark(1,0,o,1)      step(1)        
  2.  mark(1,1,x,2)      step(2)        
  3.  mark(1,2,o,3)      step(3)        
  4.  mark(0,1,x,4)      step(4)        
  5.  step(5)            win(x,5)       
Answer: 54
  0.  ext_mark(2,1,x,0)  mark(2,1,x,0)  
  1.  mark(1,0,o,1)      step(1)        
  2.  mark(1,1,x,2)      step(2)        
  3.  mark(0,2,o,3)      step(3)        
  4.  mark(0,1,x,4)      step(4)        
  5.  step(5)            win(x,5)       
Answer: 55
  0.  ext_mark(2,1,x,0)  mark(2,1,x,0)  
  1.  mark(1,0,o,1)      step(1)        
  2.  mark(1,1,x,2)      step(2)        
  3.  mark(0,0,o,3)      step(3)        
  4.  mark(0,1,x,4)      step(4)        
  5.  step(5)            win(x,5)       
Answer: 56
  0.  ext_mark(2,1,x,0)  mark(2,1,x,0)  
  1.  mark(0,2,o,1)      step(1)        
  2.  mark(1,1,x,2)      step(2)        
  3.  mark(2,2,o,3)      step(3)        
  4.  mark(0,1,x,4)      step(4)        
  5.  step(5)            win(x,5)       
Answer: 57
  0.  ext_mark(2,1,x,0)  mark(2,1,x,0)  
  1.  mark(0,2,o,1)      step(1)        
  2.  mark(1,1,x,2)      step(2)        
  3.  mark(2,0,o,3)      step(3)        
  4.  mark(0,1,x,4)      step(4)        
  5.  step(5)            win(x,5)       
Answer: 58
  0.  ext_mark(2,1,x,0)  mark(2,1,x,0)  
  1.  mark(0,2,o,1)      step(1)        
  2.  mark(1,1,x,2)      step(2)        
  3.  mark(1,2,o,3)      step(3)        
  4.  mark(0,1,x,4)      step(4)        
  5.  step(5)            win(x,5)       
Answer: 59
  0.  ext_mark(2,1,x,0)  mark(2,1,x,0)  
  1.  mark(0,2,o,1)      step(1)        
  2.  mark(1,1,x,2)      step(2)        
  3.  mark(1,0,o,3)      step(3)        
  4.  mark(0,1,x,4)      step(4)        
  5.  step(5)            win(x,5)       
Answer: 60
  0.  ext_mark(2,1,x,0)  mark(2,1,x,0)  
  1.  mark(0,2,o,1)      step(1)        
  2.  mark(1,1,x,2)      step(2)        
  3.  mark(0,0,o,3)      step(3)        
  4.  mark(0,1,x,4)      step(4)        
  5.  step(5)            win(x,5)       
Answer: 61
  0.  ext_mark(2,1,x,0)  mark(2,1,x,0)  
  1.  mark(0,0,o,1)      step(1)        
  2.  mark(0,1,x,2)      step(2)        
  3.  mark(2,2,o,3)      step(3)        
  4.  mark(1,1,x,4)      step(4)        
  5.  step(5)            win(x,5)       
Answer: 62
  0.  ext_mark(2,1,x,0)  mark(2,1,x,0)  
  1.  mark(0,0,o,1)      step(1)        
  2.  mark(0,1,x,2)      step(2)        
  3.  mark(2,0,o,3)      step(3)        
  4.  mark(1,1,x,4)      step(4)        
  5.  step(5)            win(x,5)       
Answer: 63
  0.  ext_mark(2,1,x,0)  mark(2,1,x,0)  
  1.  mark(0,0,o,1)      step(1)        
  2.  mark(0,1,x,2)      step(2)        
  3.  mark(1,2,o,3)      step(3)        
  4.  mark(1,1,x,4)      step(4)        
  5.  step(5)            win(x,5)       
Answer: 64
  0.  ext_mark(2,1,x,0)  mark(2,1,x,0)  
  1.  mark(0,0,o,1)      step(1)        
  2.  mark(0,1,x,2)      step(2)        
  3.  mark(1,0,o,3)      step(3)        
  4.  mark(1,1,x,4)      step(4)        
  5.  step(5)            win(x,5)       
Answer: 65
  0.  ext_mark(2,1,x,0)  mark(2,1,x,0)  
  1.  mark(0,0,o,1)      step(1)        
  2.  mark(0,1,x,2)      step(2)        
  3.  mark(0,2,o,3)      step(3)        
  4.  mark(1,1,x,4)      step(4)        
  5.  step(5)            win(x,5)       
Answer: 66
  0.  ext_mark(2,1,x,0)  mark(2,1,x,0)  
  1.  mark(2,2,o,1)      step(1)        
  2.  mark(0,1,x,2)      step(2)        
  3.  mark(2,0,o,3)      step(3)        
  4.  mark(1,1,x,4)      step(4)        
  5.  step(5)            win(x,5)       
Answer: 67
  0.  ext_mark(2,1,x,0)  mark(2,1,x,0)  
  1.  mark(2,2,o,1)      step(1)        
  2.  mark(0,1,x,2)      step(2)        
  3.  mark(1,2,o,3)      step(3)        
  4.  mark(1,1,x,4)      step(4)        
  5.  step(5)            win(x,5)       
Answer: 68
  0.  ext_mark(2,1,x,0)  mark(2,1,x,0)  
  1.  mark(2,2,o,1)      step(1)        
  2.  mark(0,1,x,2)      step(2)        
  3.  mark(1,0,o,3)      step(3)        
  4.  mark(1,1,x,4)      step(4)        
  5.  step(5)            win(x,5)       
Answer: 69
  0.  ext_mark(2,1,x,0)  mark(2,1,x,0)  
  1.  mark(2,2,o,1)      step(1)        
  2.  mark(0,1,x,2)      step(2)        
  3.  mark(0,2,o,3)      step(3)        
  4.  mark(1,1,x,4)      step(4)        
  5.  step(5)            win(x,5)       
Answer: 70
  0.  ext_mark(2,1,x,0)  mark(2,1,x,0)  
  1.  mark(2,2,o,1)      step(1)        
  2.  mark(0,1,x,2)      step(2)        
  3.  mark(0,0,o,3)      step(3)        
  4.  mark(1,1,x,4)      step(4)        
  5.  step(5)            win(x,5)       
Answer: 71
  0.  ext_mark(2,1,x,0)  mark(2,1,x,0)  
  1.  mark(2,0,o,1)      step(1)        
  2.  mark(0,1,x,2)      step(2)        
  3.  mark(2,2,o,3)      step(3)        
  4.  mark(1,1,x,4)      step(4)        
  5.  step(5)            win(x,5)       
Answer: 72
  0.  ext_mark(2,1,x,0)  mark(2,1,x,0)  
  1.  mark(2,0,o,1)      step(1)        
  2.  mark(0,1,x,2)      step(2)        
  3.  mark(1,2,o,3)      step(3)        
  4.  mark(1,1,x,4)      step(4)        
  5.  step(5)            win(x,5)       
Answer: 73
  0.  ext_mark(2,1,x,0)  mark(2,1,x,0)  
  1.  mark(2,0,o,1)      step(1)        
  2.  mark(0,1,x,2)      step(2)        
  3.  mark(1,0,o,3)      step(3)        
  4.  mark(1,1,x,4)      step(4)        
  5.  step(5)            win(x,5)       
Answer: 74
  0.  ext_mark(2,1,x,0)  mark(2,1,x,0)  
  1.  mark(2,0,o,1)      step(1)        
  2.  mark(0,1,x,2)      step(2)        
  3.  mark(0,2,o,3)      step(3)        
  4.  mark(1,1,x,4)      step(4)        
  5.  step(5)            win(x,5)       
Answer: 75
  0.  ext_mark(2,1,x,0)  mark(2,1,x,0)  
  1.  mark(2,0,o,1)      step(1)        
  2.  mark(0,1,x,2)      step(2)        
  3.  mark(0,0,o,3)      step(3)        
  4.  mark(1,1,x,4)      step(4)        
  5.  step(5)            win(x,5)       
Answer: 76
  0.  ext_mark(2,1,x,0)  mark(2,1,x,0)  
  1.  mark(1,2,o,1)      step(1)        
  2.  mark(0,1,x,2)      step(2)        
  3.  mark(2,2,o,3)      step(3)        
  4.  mark(1,1,x,4)      step(4)        
  5.  step(5)            win(x,5)       
Answer: 77
  0.  ext_mark(2,1,x,0)  mark(2,1,x,0)  
  1.  mark(1,2,o,1)      step(1)        
  2.  mark(0,1,x,2)      step(2)        
  3.  mark(2,0,o,3)      step(3)        
  4.  mark(1,1,x,4)      step(4)        
  5.  step(5)            win(x,5)       
Answer: 78
  0.  ext_mark(2,1,x,0)  mark(2,1,x,0)  
  1.  mark(1,2,o,1)      step(1)        
  2.  mark(0,1,x,2)      step(2)        
  3.  mark(1,0,o,3)      step(3)        
  4.  mark(1,1,x,4)      step(4)        
  5.  step(5)            win(x,5)       
Answer: 79
  0.  ext_mark(2,1,x,0)  mark(2,1,x,0)  
  1.  mark(1,2,o,1)      step(1)        
  2.  mark(0,1,x,2)      step(2)        
  3.  mark(0,2,o,3)      step(3)        
  4.  mark(1,1,x,4)      step(4)        
  5.  step(5)            win(x,5)       
Answer: 80
  0.  ext_mark(2,1,x,0)  mark(2,1,x,0)  
  1.  mark(1,2,o,1)      step(1)        
  2.  mark(0,1,x,2)      step(2)        
  3.  mark(0,0,o,3)      step(3)        
  4.  mark(1,1,x,4)      step(4)        
  5.  step(5)            win(x,5)       
Answer: 81
  0.  ext_mark(2,1,x,0)  mark(2,1,x,0)  
  1.  mark(1,0,o,1)      step(1)        
  2.  mark(0,1,x,2)      step(2)        
  3.  mark(2,2,o,3)      step(3)        
  4.  mark(1,1,x,4)      step(4)        
  5.  step(5)            win(x,5)       
Answer: 82
  0.  ext_mark(2,1,x,0)  mark(2,1,x,0)  
  1.  mark(1,0,o,1)      step(1)        
  2.  mark(0,1,x,2)      step(2)        
  3.  mark(2,0,o,3)      step(3)        
  4.  mark(1,1,x,4)      step(4)        
  5.  step(5)            win(x,5)       
Answer: 83
  0.  ext_mark(2,1,x,0)  mark(2,1,x,0)  
  1.  mark(1,0,o,1)      step(1)        
  2.  mark(0,1,x,2)      step(2)        
  3.  mark(1,2,o,3)      step(3)        
  4.  mark(1,1,x,4)      step(4)        
  5.  step(5)            win(x,5)       
Answer: 84
  0.  ext_mark(2,1,x,0)  mark(2,1,x,0)  
  1.  mark(1,0,o,1)      step(1)        
  2.  mark(0,1,x,2)      step(2)        
  3.  mark(0,2,o,3)      step(3)        
  4.  mark(1,1,x,4)      step(4)        
  5.  step(5)            win(x,5)       
Answer: 85
  0.  ext_mark(2,1,x,0)  mark(2,1,x,0)  
  1.  mark(1,0,o,1)      step(1)        
  2.  mark(0,1,x,2)      step(2)        
  3.  mark(0,0,o,3)      step(3)        
  4.  mark(1,1,x,4)      step(4)        
  5.  step(5)            win(x,5)       
Answer: 86
  0.  ext_mark(2,1,x,0)  mark(2,1,x,0)  
  1.  mark(0,2,o,1)      step(1)        
  2.  mark(0,1,x,2)      step(2)        
  3.  mark(2,2,o,3)      step(3)        
  4.  mark(1,1,x,4)      step(4)        
  5.  step(5)            win(x,5)       
Answer: 87
  0.  ext_mark(2,1,x,0)  mark(2,1,x,0)  
  1.  mark(0,2,o,1)      step(1)        
  2.  mark(0,1,x,2)      step(2)        
  3.  mark(2,0,o,3)      step(3)        
  4.  mark(1,1,x,4)      step(4)        
  5.  step(5)            win(x,5)       
Answer: 88
  0.  ext_mark(2,1,x,0)  mark(2,1,x,0)  
  1.  mark(0,2,o,1)      step(1)        
  2.  mark(0,1,x,2)      step(2)        
  3.  mark(1,2,o,3)      step(3)        
  4.  mark(1,1,x,4)      step(4)        
  5.  step(5)            win(x,5)       
Answer: 89
  0.  ext_mark(2,1,x,0)  mark(2,1,x,0)  
  1.  mark(0,2,o,1)      step(1)        
  2.  mark(0,1,x,2)      step(2)        
  3.  mark(1,0,o,3)      step(3)        
  4.  mark(1,1,x,4)      step(4)        
  5.  step(5)            win(x,5)       
Answer: 90
  0.  ext_mark(2,1,x,0)  mark(2,1,x,0)  
  1.  mark(0,2,o,1)      step(1)        
  2.  mark(0,1,x,2)      step(2)        
  3.  mark(0,0,o,3)      step(3)        
  4.  mark(1,1,x,4)      step(4)        
  5.  step(5)            win(x,5)       
Answer: 91
  0.  ext_mark(2,1,x,0)  mark(2,1,x,0)  
  1.  mark(0,1,o,1)      step(1)        
  2.  mark(2,2,x,2)      step(2)        
  3.  mark(1,2,o,3)      step(3)        
  4.  mark(2,0,x,4)      step(4)        
  5.  step(5)            win(x,5)       
Answer: 92
  0.  ext_mark(2,1,x,0)  mark(2,1,x,0)  
  1.  mark(0,1,o,1)      step(1)        
  2.  mark(2,2,x,2)      step(2)        
  3.  mark(1,1,o,3)      step(3)        
  4.  mark(2,0,x,4)      step(4)        
  5.  step(5)            win(x,5)       
Answer: 93
  0.  ext_mark(2,1,x,0)  mark(2,1,x,0)  
  1.  mark(0,1,o,1)      step(1)        
  2.  mark(2,2,x,2)      step(2)        
  3.  mark(1,0,o,3)      step(3)        
  4.  mark(2,0,x,4)      step(4)        
  5.  step(5)            win(x,5)       
Answer: 94
  0.  ext_mark(2,1,x,0)  mark(2,1,x,0)  
  1.  mark(0,1,o,1)      step(1)        
  2.  mark(2,2,x,2)      step(2)        
  3.  mark(0,2,o,3)      step(3)        
  4.  mark(2,0,x,4)      step(4)        
  5.  step(5)            win(x,5)       
Answer: 95
  0.  ext_mark(2,1,x,0)  mark(2,1,x,0)  
  1.  mark(0,1,o,1)      step(1)        
  2.  mark(2,2,x,2)      step(2)        
  3.  mark(0,0,o,3)      step(3)        
  4.  mark(2,0,x,4)      step(4)        
  5.  step(5)            win(x,5)       
Answer: 96
  0.  ext_mark(2,1,x,0)  mark(2,1,x,0)  
  1.  mark(0,0,o,1)      step(1)        
  2.  mark(2,2,x,2)      step(2)        
  3.  mark(1,2,o,3)      step(3)        
  4.  mark(2,0,x,4)      step(4)        
  5.  step(5)            win(x,5)       
Answer: 97
  0.  ext_mark(2,1,x,0)  mark(2,1,x,0)  
  1.  mark(0,0,o,1)      step(1)        
  2.  mark(2,2,x,2)      step(2)        
  3.  mark(1,1,o,3)      step(3)        
  4.  mark(2,0,x,4)      step(4)        
  5.  step(5)            win(x,5)       
Answer: 98
  0.  ext_mark(2,1,x,0)  mark(2,1,x,0)  
  1.  mark(0,0,o,1)      step(1)        
  2.  mark(2,2,x,2)      step(2)        
  3.  mark(1,0,o,3)      step(3)        
  4.  mark(2,0,x,4)      step(4)        
  5.  step(5)            win(x,5)       
Answer: 99
  0.  ext_mark(2,1,x,0)  mark(2,1,x,0)  
  1.  mark(0,0,o,1)      step(1)        
  2.  mark(2,2,x,2)      step(2)        
  3.  mark(0,2,o,3)      step(3)        
  4.  mark(2,0,x,4)      step(4)        
  5.  step(5)            win(x,5)       
Answer: 100
  0.  ext_mark(2,1,x,0)  mark(2,1,x,0)  
  1.  mark(0,0,o,1)      step(1)        
  2.  mark(2,2,x,2)      step(2)        
  3.  mark(0,1,o,3)      step(3)        
  4.  mark(2,0,x,4)      step(4)        
  5.  step(5)            win(x,5)       
Answer: 101
  0.  ext_mark(2,1,x,0)  mark(2,1,x,0)  
  1.  mark(1,2,o,1)      step(1)        
  2.  mark(2,2,x,2)      step(2)        
  3.  mark(1,1,o,3)      step(3)        
  4.  mark(2,0,x,4)      step(4)        
  5.  step(5)            win(x,5)       
Answer: 102
  0.  ext_mark(2,1,x,0)  mark(2,1,x,0)  
  1.  mark(1,2,o,1)      step(1)        
  2.  mark(2,2,x,2)      step(2)        
  3.  mark(1,0,o,3)      step(3)        
  4.  mark(2,0,x,4)      step(4)        
  5.  step(5)            win(x,5)       
Answer: 103
  0.  ext_mark(2,1,x,0)  mark(2,1,x,0)  
  1.  mark(1,2,o,1)      step(1)        
  2.  mark(2,2,x,2)      step(2)        
  3.  mark(0,2,o,3)      step(3)        
  4.  mark(2,0,x,4)      step(4)        
  5.  step(5)            win(x,5)       
Answer: 104
  0.  ext_mark(2,1,x,0)  mark(2,1,x,0)  
  1.  mark(1,2,o,1)      step(1)        
  2.  mark(2,2,x,2)      step(2)        
  3.  mark(0,1,o,3)      step(3)        
  4.  mark(2,0,x,4)      step(4)        
  5.  step(5)            win(x,5)       
Answer: 105
  0.  ext_mark(2,1,x,0)  mark(2,1,x,0)  
  1.  mark(1,2,o,1)      step(1)        
  2.  mark(2,2,x,2)      step(2)        
  3.  mark(0,0,o,3)      step(3)        
  4.  mark(2,0,x,4)      step(4)        
  5.  step(5)            win(x,5)       
Answer: 106
  0.  ext_mark(2,1,x,0)  mark(2,1,x,0)  
  1.  mark(1,1,o,1)      step(1)        
  2.  mark(2,2,x,2)      step(2)        
  3.  mark(1,2,o,3)      step(3)        
  4.  mark(2,0,x,4)      step(4)        
  5.  step(5)            win(x,5)       
Answer: 107
  0.  ext_mark(2,1,x,0)  mark(2,1,x,0)  
  1.  mark(1,1,o,1)      step(1)        
  2.  mark(2,2,x,2)      step(2)        
  3.  mark(1,0,o,3)      step(3)        
  4.  mark(2,0,x,4)      step(4)        
  5.  step(5)            win(x,5)       
Answer: 108
  0.  ext_mark(2,1,x,0)  mark(2,1,x,0)  
  1.  mark(1,1,o,1)      step(1)        
  2.  mark(2,2,x,2)      step(2)        
  3.  mark(0,2,o,3)      step(3)        
  4.  mark(2,0,x,4)      step(4)        
  5.  step(5)            win(x,5)       
Answer: 109
  0.  ext_mark(2,1,x,0)  mark(2,1,x,0)  
  1.  mark(1,1,o,1)      step(1)        
  2.  mark(2,2,x,2)      step(2)        
  3.  mark(0,1,o,3)      step(3)        
  4.  mark(2,0,x,4)      step(4)        
  5.  step(5)            win(x,5)       
Answer: 110
  0.  ext_mark(2,1,x,0)  mark(2,1,x,0)  
  1.  mark(1,1,o,1)      step(1)        
  2.  mark(2,2,x,2)      step(2)        
  3.  mark(0,0,o,3)      step(3)        
  4.  mark(2,0,x,4)      step(4)        
  5.  step(5)            win(x,5)       
Answer: 111
  0.  ext_mark(2,1,x,0)  mark(2,1,x,0)  
  1.  mark(1,0,o,1)      step(1)        
  2.  mark(2,2,x,2)      step(2)        
  3.  mark(1,2,o,3)      step(3)        
  4.  mark(2,0,x,4)      step(4)        
  5.  step(5)            win(x,5)       
Answer: 112
  0.  ext_mark(2,1,x,0)  mark(2,1,x,0)  
  1.  mark(1,0,o,1)      step(1)        
  2.  mark(2,2,x,2)      step(2)        
  3.  mark(1,1,o,3)      step(3)        
  4.  mark(2,0,x,4)      step(4)        
  5.  step(5)            win(x,5)       
Answer: 113
  0.  ext_mark(2,1,x,0)  mark(2,1,x,0)  
  1.  mark(1,0,o,1)      step(1)        
  2.  mark(2,2,x,2)      step(2)        
  3.  mark(0,2,o,3)      step(3)        
  4.  mark(2,0,x,4)      step(4)        
  5.  step(5)            win(x,5)       
Answer: 114
  0.  ext_mark(2,1,x,0)  mark(2,1,x,0)  
  1.  mark(1,0,o,1)      step(1)        
  2.  mark(2,2,x,2)      step(2)        
  3.  mark(0,1,o,3)      step(3)        
  4.  mark(2,0,x,4)      step(4)        
  5.  step(5)            win(x,5)       
Answer: 115
  0.  ext_mark(2,1,x,0)  mark(2,1,x,0)  
  1.  mark(1,0,o,1)      step(1)        
  2.  mark(2,2,x,2)      step(2)        
  3.  mark(0,0,o,3)      step(3)        
  4.  mark(2,0,x,4)      step(4)        
  5.  step(5)            win(x,5)       
Answer: 116
  0.  ext_mark(2,1,x,0)  mark(2,1,x,0)  
  1.  mark(0,2,o,1)      step(1)        
  2.  mark(2,2,x,2)      step(2)        
  3.  mark(1,2,o,3)      step(3)        
  4.  mark(2,0,x,4)      step(4)        
  5.  step(5)            win(x,5)       
Answer: 117
  0.  ext_mark(2,1,x,0)  mark(2,1,x,0)  
  1.  mark(0,2,o,1)      step(1)        
  2.  mark(2,2,x,2)      step(2)        
  3.  mark(1,1,o,3)      step(3)        
  4.  mark(2,0,x,4)      step(4)        
  5.  step(5)            win(x,5)       
Answer: 118
  0.  ext_mark(2,1,x,0)  mark(2,1,x,0)  
  1.  mark(0,2,o,1)      step(1)        
  2.  mark(2,2,x,2)      step(2)        
  3.  mark(1,0,o,3)      step(3)        
  4.  mark(2,0,x,4)      step(4)        
  5.  step(5)            win(x,5)       
Answer: 119
  0.  ext_mark(2,1,x,0)  mark(2,1,x,0)  
  1.  mark(0,2,o,1)      step(1)        
  2.  mark(2,2,x,2)      step(2)        
  3.  mark(0,1,o,3)      step(3)        
  4.  mark(2,0,x,4)      step(4)        
  5.  step(5)            win(x,5)       
Answer: 120
  0.  ext_mark(2,1,x,0)  mark(2,1,x,0)  
  1.  mark(0,2,o,1)      step(1)        
  2.  mark(2,2,x,2)      step(2)        
  3.  mark(0,0,o,3)      step(3)        
  4.  mark(2,0,x,4)      step(4)        
  5.  step(5)            win(x,5)       
Got input:
#step 1.
ext_mark(0,0,o,1).
#endstep.

Answer: 1
  0.  ext_mark(2,1,x,0)  mark(2,1,x,0)  
  1.  ext_mark(0,0,o,1)  mark(0,0,o,1)  step(1)  
  2.  mark(0,1,x,2)      step(2)        
  3.  mark(2,2,o,3)      step(3)        
  4.  mark(1,1,x,4)      step(4)        
  5.  step(5)            win(x,5)       
Answer: 2
  0.  ext_mark(2,1,x,0)  mark(2,1,x,0)  
  1.  ext_mark(0,0,o,1)  mark(0,0,o,1)  step(1)  
  2.  mark(0,1,x,2)      step(2)        
  3.  mark(2,0,o,3)      step(3)        
  4.  mark(1,1,x,4)      step(4)        
  5.  step(5)            win(x,5)       
Answer: 3
  0.  ext_mark(2,1,x,0)  mark(2,1,x,0)  
  1.  ext_mark(0,0,o,1)  mark(0,0,o,1)  step(1)  
  2.  mark(0,1,x,2)      step(2)        
  3.  mark(1,2,o,3)      step(3)        
  4.  mark(1,1,x,4)      step(4)        
  5.  step(5)            win(x,5)       
Answer: 4
  0.  ext_mark(2,1,x,0)  mark(2,1,x,0)  
  1.  ext_mark(0,0,o,1)  mark(0,0,o,1)  step(1)  
  2.  mark(0,1,x,2)      step(2)        
  3.  mark(1,0,o,3)      step(3)        
  4.  mark(1,1,x,4)      step(4)        
  5.  step(5)            win(x,5)       
Answer: 5
  0.  ext_mark(2,1,x,0)  mark(2,1,x,0)  
  1.  ext_mark(0,0,o,1)  mark(0,0,o,1)  step(1)  
  2.  mark(0,1,x,2)      step(2)        
  3.  mark(0,2,o,3)      step(3)        
  4.  mark(1,1,x,4)      step(4)        
  5.  step(5)            win(x,5)       
Answer: 6
  0.  ext_mark(2,1,x,0)  mark(2,1,x,0)  
  1.  ext_mark(0,0,o,1)  mark(0,0,o,1)  step(1)  
  2.  mark(2,2,x,2)      step(2)        
  3.  mark(1,2,o,3)      step(3)        
  4.  mark(2,0,x,4)      step(4)        
  5.  step(5)            win(x,5)       
Answer: 7
  0.  ext_mark(2,1,x,0)  mark(2,1,x,0)  
  1.  ext_mark(0,0,o,1)  mark(0,0,o,1)  step(1)  
  2.  mark(2,2,x,2)      step(2)        
  3.  mark(1,1,o,3)      step(3)        
  4.  mark(2,0,x,4)      step(4)        
  5.  step(5)            win(x,5)       
Answer: 8
  0.  ext_mark(2,1,x,0)  mark(2,1,x,0)  
  1.  ext_mark(0,0,o,1)  mark(0,0,o,1)  step(1)  
  2.  mark(2,2,x,2)      step(2)        
  3.  mark(1,0,o,3)      step(3)        
  4.  mark(2,0,x,4)      step(4)        
  5.  step(5)            win(x,5)       
Answer: 9
  0.  ext_mark(2,1,x,0)  mark(2,1,x,0)  
  1.  ext_mark(0,0,o,1)  mark(0,0,o,1)  step(1)  
  2.  mark(2,2,x,2)      step(2)        
  3.  mark(0,2,o,3)      step(3)        
  4.  mark(2,0,x,4)      step(4)        
  5.  step(5)            win(x,5)       
Answer: 10
  0.  ext_mark(2,1,x,0)  mark(2,1,x,0)  
  1.  ext_mark(0,0,o,1)  mark(0,0,o,1)  step(1)  
  2.  mark(2,2,x,2)      step(2)        
  3.  mark(0,1,o,3)      step(3)        
  4.  mark(2,0,x,4)      step(4)        
  5.  step(5)            win(x,5)       
Answer: 11
  0.  ext_mark(2,1,x,0)  mark(2,1,x,0)  
  1.  ext_mark(0,0,o,1)  mark(0,0,o,1)  step(1)  
  2.  mark(2,0,x,2)      step(2)        
  3.  mark(1,2,o,3)      step(3)        
  4.  mark(2,2,x,4)      step(4)        
  5.  step(5)            win(x,5)       
Answer: 12
  0.  ext_mark(2,1,x,0)  mark(2,1,x,0)  
  1.  ext_mark(0,0,o,1)  mark(0,0,o,1)  step(1)  
  2.  mark(2,0,x,2)      step(2)        
  3.  mark(1,1,o,3)      step(3)        
  4.  mark(2,2,x,4)      step(4)        
  5.  step(5)            win(x,5)       
Answer: 13
  0.  ext_mark(2,1,x,0)  mark(2,1,x,0)  
  1.  ext_mark(0,0,o,1)  mark(0,0,o,1)  step(1)  
  2.  mark(2,0,x,2)      step(2)        
  3.  mark(1,0,o,3)      step(3)        
  4.  mark(2,2,x,4)      step(4)        
  5.  step(5)            win(x,5)       
Answer: 14
  0.  ext_mark(2,1,x,0)  mark(2,1,x,0)  
  1.  ext_mark(0,0,o,1)  mark(0,0,o,1)  step(1)  
  2.  mark(2,0,x,2)      step(2)        
  3.  mark(0,2,o,3)      step(3)        
  4.  mark(2,2,x,4)      step(4)        
  5.  step(5)            win(x,5)       
Answer: 15
  0.  ext_mark(2,1,x,0)  mark(2,1,x,0)  
  1.  ext_mark(0,0,o,1)  mark(0,0,o,1)  step(1)  
  2.  mark(2,0,x,2)      step(2)        
  3.  mark(0,1,o,3)      step(3)        
  4.  mark(2,2,x,4)      step(4)        
  5.  step(5)            win(x,5)       
Answer: 16
  0.  ext_mark(2,1,x,0)  mark(2,1,x,0)  
  1.  ext_mark(0,0,o,1)  mark(0,0,o,1)  step(1)  
  2.  mark(1,1,x,2)      step(2)        
  3.  mark(2,2,o,3)      step(3)        
  4.  mark(0,1,x,4)      step(4)        
  5.  step(5)            win(x,5)       
Answer: 17
  0.  ext_mark(2,1,x,0)  mark(2,1,x,0)  
  1.  ext_mark(0,0,o,1)  mark(0,0,o,1)  step(1)  
  2.  mark(1,1,x,2)      step(2)        
  3.  mark(2,0,o,3)      step(3)        
  4.  mark(0,1,x,4)      step(4)        
  5.  step(5)            win(x,5)       
Answer: 18
  0.  ext_mark(2,1,x,0)  mark(2,1,x,0)  
  1.  ext_mark(0,0,o,1)  mark(0,0,o,1)  step(1)  
  2.  mark(1,1,x,2)      step(2)        
  3.  mark(1,2,o,3)      step(3)        
  4.  mark(0,1,x,4)      step(4)        
  5.  step(5)            win(x,5)       
Answer: 19
  0.  ext_mark(2,1,x,0)  mark(2,1,x,0)  
  1.  ext_mark(0,0,o,1)  mark(0,0,o,1)  step(1)  
  2.  mark(1,1,x,2)      step(2)        
  3.  mark(1,0,o,3)      step(3)        
  4.  mark(0,1,x,4)      step(4)        
  5.  step(5)            win(x,5)       
Answer: 20
  0.  ext_mark(2,1,x,0)  mark(2,1,x,0)  
  1.  ext_mark(0,0,o,1)  mark(0,0,o,1)  step(1)  
  2.  mark(1,1,x,2)      step(2)        
  3.  mark(0,2,o,3)      step(3)        
  4.  mark(0,1,x,4)      step(4)        
  5.  step(5)            win(x,5)       
Got input:
#step 2.
ext_mark(2,2,x,2).
#endstep.

Answer: 1
  0.  ext_mark(2,1,x,0)  mark(2,1,x,0)  
  1.  ext_mark(0,0,o,1)  mark(0,0,o,1)  step(1)  
  2.  ext_mark(2,2,x,2)  mark(2,2,x,2)  step(2)  
  3.  mark(1,2,o,3)      step(3)        
  4.  mark(2,0,x,4)      step(4)        
  5.  step(5)            win(x,5)       
Answer: 2
  0.  ext_mark(2,1,x,0)  mark(2,1,x,0)  
  1.  ext_mark(0,0,o,1)  mark(0,0,o,1)  step(1)  
  2.  ext_mark(2,2,x,2)  mark(2,2,x,2)  step(2)  
  3.  mark(1,1,o,3)      step(3)        
  4.  mark(2,0,x,4)      step(4)        
  5.  step(5)            win(x,5)       
Answer: 3
  0.  ext_mark(2,1,x,0)  mark(2,1,x,0)  
  1.  ext_mark(0,0,o,1)  mark(0,0,o,1)  step(1)  
  2.  ext_mark(2,2,x,2)  mark(2,2,x,2)  step(2)  
  3.  mark(1,0,o,3)      step(3)        
  4.  mark(2,0,x,4)      step(4)        
  5.  step(5)            win(x,5)       
Answer: 4
  0.  ext_mark(2,1,x,0)  mark(2,1,x,0)  
  1.  ext_mark(0,0,o,1)  mark(0,0,o,1)  step(1)  
  2.  ext_mark(2,2,x,2)  mark(2,2,x,2)  step(2)  
  3.  mark(0,2,o,3)      step(3)        
  4.  mark(2,0,x,4)      step(4)        
  5.  step(5)            win(x,5)       
Answer: 5
  0.  ext_mark(2,1,x,0)  mark(2,1,x,0)  
  1.  ext_mark(0,0,o,1)  mark(0,0,o,1)  step(1)  
  2.  ext_mark(2,2,x,2)  mark(2,2,x,2)  step(2)  
  3.  mark(0,1,o,3)      step(3)        
  4.  mark(2,0,x,4)      step(4)        
  5.  step(5)            win(x,5)       
Got input:
#step 3.
ext_mark(2,0,o,3).
#endstep.

Answer: 1
  0.  ext_mark(2,1,x,0)  mark(2,1,x,0)  
  1.  ext_mark(0,0,o,1)  mark(0,0,o,1)  step(1)  
  2.  ext_mark(2,2,x,2)  mark(2,2,x,2)  step(2)  
  3.  ext_mark(2,0,o,3)  mark(2,0,o,3)  step(3)  
  4.  mark(1,1,x,4)      step(4)        
  5.  mark(1,2,o,5)      step(5)        
  6.  mark(0,1,x,6)      step(6)        
  7.  step(7)            win(x,7)       
Answer: 2
  0.  ext_mark(2,1,x,0)  mark(2,1,x,0)  
  1.  ext_mark(0,0,o,1)  mark(0,0,o,1)  step(1)  
  2.  ext_mark(2,2,x,2)  mark(2,2,x,2)  step(2)  
  3.  ext_mark(2,0,o,3)  mark(2,0,o,3)  step(3)  
  4.  mark(0,1,x,4)      step(4)        
  5.  mark(1,2,o,5)      step(5)        
  6.  mark(1,1,x,6)      step(6)        
  7.  step(7)            win(x,7)       
Answer: 3
  0.  ext_mark(2,1,x,0)  mark(2,1,x,0)  
  1.  ext_mark(0,0,o,1)  mark(0,0,o,1)  step(1)  
  2.  ext_mark(2,2,x,2)  mark(2,2,x,2)  step(2)  
  3.  ext_mark(2,0,o,3)  mark(2,0,o,3)  step(3)  
  4.  mark(0,2,x,4)      step(4)        
  5.  mark(1,1,o,5)      step(5)        
  6.  mark(1,2,x,6)      step(6)        
  7.  step(7)            win(x,7)       
Answer: 4
  0.  ext_mark(2,1,x,0)  mark(2,1,x,0)  
  1.  ext_mark(0,0,o,1)  mark(0,0,o,1)  step(1)  
  2.  ext_mark(2,2,x,2)  mark(2,2,x,2)  step(2)  
  3.  ext_mark(2,0,o,3)  mark(2,0,o,3)  step(3)  
  4.  mark(1,2,x,4)      step(4)        
  5.  mark(1,1,o,5)      step(5)        
  6.  mark(0,2,x,6)      step(6)        
  7.  step(7)            win(x,7)       
Answer: 5
  0.  ext_mark(2,1,x,0)  mark(2,1,x,0)  
  1.  ext_mark(0,0,o,1)  mark(0,0,o,1)  step(1)  
  2.  ext_mark(2,2,x,2)  mark(2,2,x,2)  step(2)  
  3.  ext_mark(2,0,o,3)  mark(2,0,o,3)  step(3)  
  4.  mark(0,2,x,4)      step(4)        
  5.  mark(0,1,o,5)      step(5)        
  6.  mark(1,2,x,6)      step(6)        
  7.  step(7)            win(x,7)       
Answer: 6
  0.  ext_mark(2,1,x,0)  mark(2,1,x,0)  
  1.  ext_mark(0,0,o,1)  mark(0,0,o,1)  step(1)  
  2.  ext_mark(2,2,x,2)  mark(2,2,x,2)  step(2)  
  3.  ext_mark(2,0,o,3)  mark(2,0,o,3)  step(3)  
  4.  mark(1,2,x,4)      step(4)        
  5.  mark(0,1,o,5)      step(5)        
  6.  mark(0,2,x,6)      step(6)        
  7.  step(7)            win(x,7)       
Answer: 7
  0.  ext_mark(2,1,x,0)  mark(2,1,x,0)  
  1.  ext_mark(0,0,o,1)  mark(0,0,o,1)  step(1)  
  2.  ext_mark(2,2,x,2)  mark(2,2,x,2)  step(2)  
  3.  ext_mark(2,0,o,3)  mark(2,0,o,3)  step(3)  
  4.  mark(0,1,x,4)      step(4)        
  5.  mark(0,2,o,5)      step(5)        
  6.  mark(1,1,x,6)      step(6)        
  7.  step(7)            win(x,7)       
Answer: 8
  0.  ext_mark(2,1,x,0)  mark(2,1,x,0)  
  1.  ext_mark(0,0,o,1)  mark(0,0,o,1)  step(1)  
  2.  ext_mark(2,2,x,2)  mark(2,2,x,2)  step(2)  
  3.  ext_mark(2,0,o,3)  mark(2,0,o,3)  step(3)  
  4.  mark(1,1,x,4)      step(4)        
  5.  mark(0,2,o,5)      step(5)        
  6.  mark(0,1,x,6)      step(6)        
  7.  step(7)            win(x,7)       
Got input:
#step 4.
ext_mark(1,1,x,4).
#endstep.

Answer: 1
  0.  ext_mark(2,1,x,0)  mark(2,1,x,0)  
  1.  ext_mark(0,0,o,1)  mark(0,0,o,1)  step(1)  
  2.  ext_mark(2,2,x,2)  mark(2,2,x,2)  step(2)  
  3.  ext_mark(2,0,o,3)  mark(2,0,o,3)  step(3)  
  4.  ext_mark(1,1,x,4)  mark(1,1,x,4)  step(4)  
  5.  mark(1,2,o,5)      step(5)        
  6.  mark(0,1,x,6)      step(6)        
  7.  step(7)            win(x,7)       
Answer: 2
  0.  ext_mark(2,1,x,0)  mark(2,1,x,0)  
  1.  ext_mark(0,0,o,1)  mark(0,0,o,1)  step(1)  
  2.  ext_mark(2,2,x,2)  mark(2,2,x,2)  step(2)  
  3.  ext_mark(2,0,o,3)  mark(2,0,o,3)  step(3)  
  4.  ext_mark(1,1,x,4)  mark(1,1,x,4)  step(4)  
  5.  mark(0,2,o,5)      step(5)        
  6.  mark(0,1,x,6)      step(6)        
  7.  step(7)            win(x,7)       
Got input:
#step 5.
ext_mark(1,2,o,5).
#endstep.

Answer: 1
  0.  ext_mark(2,1,x,0)  mark(2,1,x,0)  
  1.  ext_mark(0,0,o,1)  mark(0,0,o,1)  step(1)  
  2.  ext_mark(2,2,x,2)  mark(2,2,x,2)  step(2)  
  3.  ext_mark(2,0,o,3)  mark(2,0,o,3)  step(3)  
  4.  ext_mark(1,1,x,4)  mark(1,1,x,4)  step(4)  
  5.  ext_mark(1,2,o,5)  mark(1,2,o,5)  step(5)  
  6.  mark(0,1,x,6)      step(6)        
  7.  step(7)            win(x,7)       
Got input:
#step 6.
ext_mark(0,1,x,6).
#endstep.

Answer: 1
  0.  ext_mark(2,1,x,0)  mark(2,1,x,0)  
  1.  ext_mark(0,0,o,1)  mark(0,0,o,1)  step(1)  
  2.  ext_mark(2,2,x,2)  mark(2,2,x,2)  step(2)  
  3.  ext_mark(2,0,o,3)  mark(2,0,o,3)  step(3)  
  4.  ext_mark(1,1,x,4)  mark(1,1,x,4)  step(4)  
  5.  ext_mark(1,2,o,5)  mark(1,2,o,5)  step(5)  
  6.  ext_mark(0,1,x,6)  mark(0,1,x,6)  step(6)  
  7.  step(7)            win(x,7)       
Got input:
#stop.

