Got input:
#step 1 : 2.
#volatile : 3.
:- a.
:- b.
#endstep.

Program was unsatisfiable and stopped at step 3!
Got input:
#step 2 :0.
e(1).
:- not a.
#endstep.

Program was unsatisfiable and stopped at step 3!
Got input:
#step 3 : 1 .
e(2).
#endstep.

Answer: 1
  B.  a        
  1.  c(1)     e(1)  step(1)  
  2.  c(2)     e(2)  step(2)  
  3.  step(3)  
  4.  step(4)  
Got input:
#step 5 :  0 .
:- not e(4).
#endstep.

Program was unsatisfiable and stopped at step 5!
Got input:
#step 5   : 0.
e(3).
#endstep.

Program was unsatisfiable and stopped at step 5!
Got input:
#step 5 :  0.
e(4).
#endstep.

Answer: 1
  B.  a        
  1.  c(1)     e(1)  step(1)  
  2.  c(2)     e(2)  step(2)  
  3.  c(3)     e(3)  step(3)  
  4.  c(4)     e(4)  step(4)  
  5.  step(5)  
Got input:
#step 5 : 1.
#volatile : 4.
:- e(3).
#endstep.

Program was unsatisfiable and stopped at step 6!
Got input:
#step 5.
e(5).
#endstep.

Answer: 1
   B.  a        
   1.  c(1)     e(1)  step(1)  
   2.  c(2)     e(2)  step(2)  
   3.  c(3)     e(3)  step(3)  
   4.  c(4)     e(4)  step(4)  
   5.  c(5)     e(5)  step(5)  
   6.  step(6)  
   7.  step(7)  
   8.  step(8)  
   9.  step(9)  
Got input:
#stop.

