Answer: 1
  B.  a        
  1.  step(1)  
Answer: 2
  B.  b        
  1.  step(1)  
Got input:
#step 1.
:- not a.
#volatile :2.
e(1).
#endstep.

Answer: 1
  B.  a     
  1.  c(1)  e(1)  step(1)  
Got input:
#step 2.
#volatile :2.
e(2).
#endstep.

Answer: 1
  B.  a     
  1.  c(1)  e(1)  step(1)  
  2.  c(2)  e(2)  step(2)  
Got input:
#step 3.
#volatile :2.
e(3).
#endstep.

Answer: 1
  B.  a        
  1.  step(1)  
  2.  c(2)     e(2)  step(2)  
  3.  c(3)     e(3)  step(3)  
Got input:
#step 4.
#volatile :2.
e(4).
#endstep.

Answer: 1
  B.  a        
  1.  step(1)  
  2.  step(2)  
  3.  c(3)     e(3)  step(3)  
  4.  c(4)     e(4)  step(4)  
Got input:
#step 5.
#volatile :2.
e(5).
#endstep.

Answer: 1
  B.  a        
  1.  step(1)  
  2.  step(2)  
  3.  step(3)  
  4.  c(4)     e(4)  step(4)  
  5.  c(5)     e(5)  step(5)  
Got input:
#stop.

